Unity Editor version:    2020.3.42f1 (7ade1201f527)
Branch:                  2020.3/staging
Build type:              Release
Batch mode:              YES
macOS version:           Version 12.4 (Build 21F79)
Darwin version:          21.5.0
Architecture:            x86_64
Running under Rosetta:   NO
Available memory:        8192 MB
Using pre-set license
Pro License: NO

COMMAND LINE ARGUMENTS:
/Applications/Unity/Hub/Editor/2020.3.42f1/Unity.app/Contents/MacOS/Unity
-adb2
-batchMode
-noUpm
-name
AssetImportWorker0
-projectPath
/Users/geetanjalinegi/Desktop/MINI PROJECT/unity/play_button/ARt-shirt
-logFile
Logs/AssetImportWorker0.log
-srvPort
49292
Successfully changed project path to: /Users/geetanjalinegi/Desktop/MINI PROJECT/unity/play_button/ARt-shirt
/Users/geetanjalinegi/Desktop/MINI PROJECT/unity/play_button/ARt-shirt
Using Asset Import Pipeline V2.
Refreshing native plugins compatible for Editor in 65.90 ms, found 6 plugins.
Preloading 4 native plugins for Editor in 26.37 ms.
Initialize engine version: 2020.3.42f1 (7ade1201f527)
[Subsystems] Discovering subsystems at path /Applications/Unity/Hub/Editor/2020.3.42f1/Unity.app/Contents/Resources/UnitySubsystems
[Subsystems] Discovering subsystems at path /Users/geetanjalinegi/Desktop/MINI PROJECT/unity/play_button/ARt-shirt/Assets
GfxDevice: creating device client; threaded=0
2023-02-27 13:07:57.642 Unity[1464:72199] Color LCD preferred device: Intel(R) UHD Graphics 617 (low power)
2023-02-27 13:07:57.642 Unity[1464:72199] Metal devices available: 1
2023-02-27 13:07:57.642 Unity[1464:72199] 0: Intel(R) UHD Graphics 617 (low power)
2023-02-27 13:07:57.642 Unity[1464:72199] Using device Intel(R) UHD Graphics 617 (low power)
Initializing Metal device caps: Intel(R) UHD Graphics 617
Initialize mono
Mono path[0] = '/Applications/Unity/Hub/Editor/2020.3.42f1/Unity.app/Contents/Managed'
Mono path[1] = '/Applications/Unity/Hub/Editor/2020.3.42f1/Unity.app/Contents/MonoBleedingEdge/lib/mono/unityjit'
Mono config path = '/Applications/Unity/Hub/Editor/2020.3.42f1/Unity.app/Contents/MonoBleedingEdge/etc'
Using monoOptions --debugger-agent=transport=dt_socket,embedding=1,server=y,suspend=n,address=127.0.0.1:56464
Begin MonoManager ReloadAssembly
Registering precompiled unity dll's ...
Register platform support module: /Applications/Unity/Hub/Editor/2020.3.42f1/Unity.app/Contents/PlaybackEngines/MacStandaloneSupport/UnityEditor.OSXStandalone.Extensions.dll
Registered in 0.000495 seconds.
Native extension for OSXStandalone target not found
Refreshing native plugins compatible for Editor in 52.16 ms, found 6 plugins.
Preloading 4 native plugins for Editor in 8.63 ms.
Mono: successfully reloaded assembly
- Completed reload, in  0.958 seconds
Domain Reload Profiling:
	ReloadAssembly (959ms)
		BeginReloadAssembly (78ms)
			ExecutionOrderSort (0ms)
			DisableScriptedObjects (0ms)
			BackupInstance (0ms)
			ReleaseScriptingObjects (0ms)
			CreateAndSetChildDomain (1ms)
		EndReloadAssembly (751ms)
			LoadAssemblies (76ms)
			RebuildTransferFunctionScriptingTraits (0ms)
			SetupTypeCache (271ms)
			ReleaseScriptCaches (0ms)
			RebuildScriptCaches (62ms)
			SetupLoadedEditorAssemblies (287ms)
				LogAssemblyErrors (0ms)
				InitializePlatformSupportModulesInManaged (6ms)
				SetLoadedEditorAssemblies (0ms)
				RefreshPlugins (61ms)
				BeforeProcessingInitializeOnLoad (14ms)
				ProcessInitializeOnLoadAttributes (157ms)
				ProcessInitializeOnLoadMethodAttributes (49ms)
				AfterProcessingInitializeOnLoad (0ms)
				EditorAssembliesLoaded (0ms)
			ExecutionOrderSort2 (0ms)
			AwakeInstancesAfterBackupRestoration (0ms)
Platform modules already initialized, skipping
Registering precompiled user dll's ...
Registered in 0.010743 seconds.
Begin MonoManager ReloadAssembly
Native extension for OSXStandalone target not found
Refreshing native plugins compatible for Editor in 0.64 ms, found 6 plugins.
Preloading 4 native plugins for Editor in 7.59 ms.
Mono: successfully reloaded assembly
- Completed reload, in  1.661 seconds
Domain Reload Profiling:
	ReloadAssembly (1663ms)
		BeginReloadAssembly (190ms)
			ExecutionOrderSort (0ms)
			DisableScriptedObjects (6ms)
			BackupInstance (0ms)
			ReleaseScriptingObjects (0ms)
			CreateAndSetChildDomain (44ms)
		EndReloadAssembly (1388ms)
			LoadAssemblies (91ms)
			RebuildTransferFunctionScriptingTraits (0ms)
			SetupTypeCache (599ms)
			ReleaseScriptCaches (1ms)
			RebuildScriptCaches (102ms)
			SetupLoadedEditorAssemblies (433ms)
				LogAssemblyErrors (0ms)
				InitializePlatformSupportModulesInManaged (6ms)
				SetLoadedEditorAssemblies (1ms)
				RefreshPlugins (8ms)
				BeforeProcessingInitializeOnLoad (72ms)
				ProcessInitializeOnLoadAttributes (323ms)
				ProcessInitializeOnLoadMethodAttributes (22ms)
				AfterProcessingInitializeOnLoad (1ms)
				EditorAssembliesLoaded (0ms)
			ExecutionOrderSort2 (0ms)
			AwakeInstancesAfterBackupRestoration (3ms)
Platform modules already initialized, skipping
Validating Project structure ... 0.001704 seconds.
Shader import version has changed; will reimport all shaders...
Upgrading shader files ...0.002117 seconds.
Application.AssetDatabase Initial Script Refresh Start
RefreshInfo: InitialScriptRefreshV2(NoUpdateAssetOptions) scanfilter:  ... 1 filters
RefreshProfiler: Total: 0.000ms
Application.AssetDatabase Initial Script Refresh End
Application.AssetDatabase.Refresh Start
Application.AssetDatabase.Refresh End
RefreshInfo: StopAssetImportingV2(ForceSynchronousImport) scanfilter: 
RefreshProfiler: Total: 0.000ms
Launching external process: /Applications/Unity/Hub/Editor/2020.3.42f1/Unity.app/Contents/Tools/UnityShaderCompiler
Launched and connected shader compiler UnityShaderCompiler after 0.02 seconds
Initializing Unity extensions:
2023-02-27 13:08:02.535 Unity[1464:72199] NSEventModifierFlagFunction specified to -setKeyEquivalentModifierMask: for item <NSMenuItem: 0x7fa3a3acf320 Font Asset, ke='Command-F12'>, but is only supported for system-provided menu items; will not be used
2023-02-27 13:08:02.541 Unity[1464:72199] NSEventModifierFlagFunction specified to -setKeyEquivalentModifierMask: for item <NSMenuItem: 0x7fa39c794910 Font Asset, ke='Command-F12'>, but is only supported for system-provided menu items; will not be used
========================================================================
Worker process is ready to serve import requests
Refreshing native plugins compatible for Editor in 0.57 ms, found 6 plugins.
Preloading 4 native plugins for Editor in 7.57 ms.
Unloading 1540 Unused Serialized files (Serialized files now loaded: 0)
System memory in use before: 189.4 MB.
System memory in use after: 188.5 MB.

Unloading 109 unused Assets to reduce memory usage. Loaded Objects now: 2307.
Total: 4.446676 ms (FindLiveObjects: 0.243286 ms CreateObjectMapping: 0.069869 ms MarkObjects: 3.263585 ms  DeleteObjects: 0.868711 ms)

AssetImportParameters requested are different than current active one (requested -> active):
  custom:video-decoder-ogg-theora: a1e56fd34408186e4bbccfd4996cb3dc -> 
  custom:container-muxer-webm: aa71ff27fc2769a1b78a27578f13a17b -> 
  custom:container-demuxer-webm: 4f35f7cbe854078d1ac9338744f61a02 -> 
  custom:container-demuxer-ogg: 62fdf1f143b41e24485cea50d1cbac27 -> 
  custom:video-encoder-webm-vp8: eb34c28f22e8b96e1ab97ce403110664 -> 
  custom:framework-osx-AVFoundation: e770b220cccbd017edd2c1fefb359320 -> 
  custom:video-decoder-webm-vp8: 9c59270c3fd7afecdb556c50c9e8de78 -> 
  custom:audio-decoder-ogg-vorbis: bf7c407c2cedff20999df2af8eb42d56 -> 
  custom:audio-encoder-webm-vorbis: bf7c407c2cedff20999df2af8eb42d56 -> 
========================================================================
Received Import Request.
  path: Assets/material/crow.mat
  artifactKey: Guid(6ff29118f4b41475dbc8dd4e713b1d00) Importer(815301076,1909f56bfc062723c751e8b465ee728b)
Start importing Assets/material/crow.mat using Guid(6ff29118f4b41475dbc8dd4e713b1d00) Importer(815301076,1909f56bfc062723c751e8b465ee728b)  -> (artifact id: '09839acfe5197a581d961782a6b54180') in 3.071384 seconds 
========================================================================
Received Import Request.
  Time since last request: 0.000453 seconds.
  path: Assets/material/sky.mat
  artifactKey: Guid(4311e686249984baf8b8a99aa1bdf083) Importer(815301076,1909f56bfc062723c751e8b465ee728b)
Start importing Assets/material/sky.mat using Guid(4311e686249984baf8b8a99aa1bdf083) Importer(815301076,1909f56bfc062723c751e8b465ee728b)  -> (artifact id: '95b150d7b50a25e0dab3c71824d17e92') in 0.599710 seconds 
========================================================================
Received Import Request.
  Time since last request: 12.689356 seconds.
  path: Assets/Resources/VuforiaConfiguration.asset
  artifactKey: Guid(117ec83e1f0cf44a9bde3faed0bbff19) Importer(815301076,1909f56bfc062723c751e8b465ee728b)
Start importing Assets/Resources/VuforiaConfiguration.asset using Guid(117ec83e1f0cf44a9bde3faed0bbff19) Importer(815301076,1909f56bfc062723c751e8b465ee728b)  -> (artifact id: '61fd851cc8e6c3190036c5fbcea2f889') in 0.124170 seconds 
========================================================================
Received Prepare
Refreshing native plugins compatible for Editor in 35.85 ms, found 6 plugins.
Preloading 4 native plugins for Editor in 10.03 ms.
Unloading 35 Unused Serialized files (Serialized files now loaded: 0)
System memory in use before: 166.5 MB.
System memory in use after: 166.5 MB.

Unloading 36 unused Assets to reduce memory usage. Loaded Objects now: 2347.
Total: 4.689049 ms (FindLiveObjects: 0.214999 ms CreateObjectMapping: 0.081992 ms MarkObjects: 4.268692 ms  DeleteObjects: 0.122242 ms)

AssetImportParameters requested are different than current active one (requested -> active):
  custom:video-decoder-ogg-theora: a1e56fd34408186e4bbccfd4996cb3dc -> 
  custom:container-muxer-webm: aa71ff27fc2769a1b78a27578f13a17b -> 
  custom:container-demuxer-webm: 4f35f7cbe854078d1ac9338744f61a02 -> 
  custom:container-demuxer-ogg: 62fdf1f143b41e24485cea50d1cbac27 -> 
  custom:video-encoder-webm-vp8: eb34c28f22e8b96e1ab97ce403110664 -> 
  custom:framework-osx-AVFoundation: e770b220cccbd017edd2c1fefb359320 -> 
  custom:video-decoder-webm-vp8: 9c59270c3fd7afecdb556c50c9e8de78 -> 
  custom:audio-decoder-ogg-vorbis: bf7c407c2cedff20999df2af8eb42d56 -> 
  custom:audio-encoder-webm-vorbis: bf7c407c2cedff20999df2af8eb42d56 -> 
AssetImportWorkerClient::OnTransportError - code=2 error=End of file
